<?xml version="1.0" encoding="UTF-8"?>
<!-- Generated by org.testng.reporters.JUnitReportReporter -->
<testsuite hostname="LAPTOP-48D0T3G9" failures="0" tests="2" name="seleniumbasics.Vehicle" time="0.002" errors="0" timestamp="2023-01-13T08:31:04 IST" skipped="0">
  <testcase classname="seleniumbasics.Vehicle" name="verifyVehicleQuality" time="0.001"/>
  <system-out/>
  <testcase classname="seleniumbasics.Vehicle" name="verifyVehicleBrand" time="0.001"/>
  <system-out/>
</testsuite> <!-- seleniumbasics.Vehicle -->
