<?xml version="1.0" encoding="UTF-8"?>
<!-- Generated by org.testng.reporters.JUnitReportReporter -->
<testsuite hostname="LAPTOP-48D0T3G9" failures="0" tests="5" name="seleniumbasics.SeleniumBasics" time="35.793" errors="0" timestamp="2023-01-13T08:31:04 IST" skipped="0">
  <testcase classname="seleniumbasics.SeleniumBasics" name="TC_005_verifySubmitFormNOZip" time="4.045"/>
  <system-out/>
  <testcase classname="seleniumbasics.SeleniumBasics" name="TC_006_verifySubmitForm" time="19.389"/>
  <system-out/>
  <testcase classname="seleniumbasics.SeleniumBasics" name="TC_002_verifyTwoInputFieldMessage" time="4.685"/>
  <system-out/>
  <testcase classname="seleniumbasics.SeleniumBasics" name="TC_003_verifySingleInputFieldMessage" time="2.782"/>
  <system-out/>
  <testcase classname="seleniumbasics.SeleniumBasics" name="TC_001_verifyObsquraTitle" time="4.892"/>
  <system-out/>
</testsuite> <!-- seleniumbasics.SeleniumBasics -->
