<?xml version="1.0" encoding="UTF-8"?>
<!-- Generated by org.testng.reporters.JUnitReportReporter -->
<testsuite hostname="LAPTOP-48D0T3G9" failures="0" tests="1" name="seleniumbasics.DemoWebShop" time="36.844" errors="0" timestamp="2023-01-19T07:45:04 IST" skipped="0">
  <testcase classname="seleniumbasics.DemoWebShop" name="TC_007_verifyLoginByParameteriztion" time="36.844"/>
  <system-out/>
</testsuite> <!-- seleniumbasics.DemoWebShop -->
